<?xml version="1.0" encoding="UTF-8"?>
<!-- Generated by org.testng.reporters.JUnitXMLReporter -->
<testsuite ignored="0" hostname="DESKTOP-8286MJ6" failures="0" tests="3" name="Default test" time="25.505" errors="0" timestamp="2024-01-18T16:44:33 IST">
  <testcase classname="demoProject1.TestClass1" name="Test1" time="6.64"/>
  <testcase classname="demoProject1.TestClass1" name="Test2" time="8.28"/>
  <testcase classname="demoProject1.TestClass1" name="Test3" time="2.461"/>
</testsuite> <!-- Default test -->
