<?xml version="1.0" encoding="UTF-8"?>
<!-- Generated by org.testng.reporters.JUnitXMLReporter -->
<testsuite ignored="0" hostname="DESKTOP-8286MJ6" failures="0" tests="3" name="Test" time="38.864" errors="0" timestamp="2024-01-18T18:20:21 IST">
  <testcase classname="demoProject1.TestClass1" name="Test1" time="10.512"/>
  <testcase classname="demoProject1.TestClass1" name="Test2" time="14.175"/>
  <testcase classname="demoProject1.TestClass1" name="Test3" time="10.029"/>
</testsuite> <!-- Test -->
