<?xml version="1.0" encoding="UTF-8"?>
<testng-results ignored="0" total="3" passed="3" failed="0" skipped="0">
  <reporter-output>
  </reporter-output>
  <suite started-at="2024-01-18T18:19:42 IST" name="Suite" finished-at="2024-01-18T18:20:21 IST" duration-ms="38864">
    <groups>
    </groups>
    <test started-at="2024-01-18T18:19:42 IST" name="Test" finished-at="2024-01-18T18:20:21 IST" duration-ms="38864">
      <class name="demoProject1.TestClass1">
        <test-method is-config="true" signature="launchDriver()[pri:0, instance:demoProject1.TestClass1@6cd28fa7]" started-at="2024-01-18T18:19:42 IST" name="launchDriver" finished-at="2024-01-18T18:19:44 IST" duration-ms="1975" status="PASS">
          <reporter-output>
          </reporter-output>
        </test-method> <!-- launchDriver -->
        <test-method signature="Test1()[pri:0, instance:demoProject1.TestClass1@6cd28fa7]" started-at="2024-01-18T18:19:44 IST" name="Test1" finished-at="2024-01-18T18:19:55 IST" duration-ms="10512" status="PASS">
          <reporter-output>
          </reporter-output>
        </test-method> <!-- Test1 -->
        <test-method is-config="true" signature="quit()[pri:0, instance:demoProject1.TestClass1@6cd28fa7]" started-at="2024-01-18T18:19:55 IST" name="quit" finished-at="2024-01-18T18:19:55 IST" duration-ms="140" status="PASS">
          <reporter-output>
          </reporter-output>
        </test-method> <!-- quit -->
        <test-method is-config="true" signature="launchDriver()[pri:0, instance:demoProject1.TestClass1@6cd28fa7]" started-at="2024-01-18T18:19:55 IST" name="launchDriver" finished-at="2024-01-18T18:19:56 IST" duration-ms="884" status="PASS">
          <reporter-output>
          </reporter-output>
        </test-method> <!-- launchDriver -->
        <test-method signature="Test2()[pri:0, instance:demoProject1.TestClass1@6cd28fa7]" started-at="2024-01-18T18:19:56 IST" name="Test2" finished-at="2024-01-18T18:20:10 IST" duration-ms="14175" status="PASS">
          <reporter-output>
          </reporter-output>
        </test-method> <!-- Test2 -->
        <test-method is-config="true" signature="quit()[pri:0, instance:demoProject1.TestClass1@6cd28fa7]" started-at="2024-01-18T18:20:10 IST" name="quit" finished-at="2024-01-18T18:20:10 IST" duration-ms="143" status="PASS">
          <reporter-output>
          </reporter-output>
        </test-method> <!-- quit -->
        <test-method is-config="true" signature="launchDriver()[pri:0, instance:demoProject1.TestClass1@6cd28fa7]" started-at="2024-01-18T18:20:10 IST" name="launchDriver" finished-at="2024-01-18T18:20:11 IST" duration-ms="839" status="PASS">
          <reporter-output>
          </reporter-output>
        </test-method> <!-- launchDriver -->
        <test-method signature="Test3()[pri:0, instance:demoProject1.TestClass1@6cd28fa7]" started-at="2024-01-18T18:20:11 IST" name="Test3" finished-at="2024-01-18T18:20:21 IST" duration-ms="10029" status="PASS">
          <reporter-output>
          </reporter-output>
        </test-method> <!-- Test3 -->
        <test-method is-config="true" signature="quit()[pri:0, instance:demoProject1.TestClass1@6cd28fa7]" started-at="2024-01-18T18:20:21 IST" name="quit" finished-at="2024-01-18T18:20:21 IST" duration-ms="130" status="PASS">
          <reporter-output>
          </reporter-output>
        </test-method> <!-- quit -->
      </class> <!-- demoProject1.TestClass1 -->
    </test> <!-- Test -->
  </suite> <!-- Suite -->
</testng-results>
