<?xml version="1.0" encoding="UTF-8"?>
<testng-results ignored="0" total="3" passed="3" failed="0" skipped="0">
  <reporter-output>
  </reporter-output>
  <suite started-at="2024-01-18T16:44:08 IST" name="Default suite" finished-at="2024-01-18T16:44:33 IST" duration-ms="25505">
    <groups>
    </groups>
    <test started-at="2024-01-18T16:44:08 IST" name="Default test" finished-at="2024-01-18T16:44:33 IST" duration-ms="25505">
      <class name="demoProject1.TestClass1">
        <test-method is-config="true" signature="launchDriver()[pri:0, instance:demoProject1.TestClass1@1151e434]" started-at="2024-01-18T16:44:08 IST" name="launchDriver" finished-at="2024-01-18T16:44:12 IST" duration-ms="4379" status="PASS">
          <reporter-output>
          </reporter-output>
        </test-method> <!-- launchDriver -->
        <test-method signature="Test1()[pri:0, instance:demoProject1.TestClass1@1151e434]" started-at="2024-01-18T16:44:12 IST" name="Test1" finished-at="2024-01-18T16:44:19 IST" duration-ms="6640" status="PASS">
          <reporter-output>
          </reporter-output>
        </test-method> <!-- Test1 -->
        <test-method is-config="true" signature="quit()[pri:0, instance:demoProject1.TestClass1@1151e434]" started-at="2024-01-18T16:44:19 IST" name="quit" finished-at="2024-01-18T16:44:19 IST" duration-ms="249" status="PASS">
          <reporter-output>
          </reporter-output>
        </test-method> <!-- quit -->
        <test-method is-config="true" signature="launchDriver()[pri:0, instance:demoProject1.TestClass1@1151e434]" started-at="2024-01-18T16:44:19 IST" name="launchDriver" finished-at="2024-01-18T16:44:21 IST" duration-ms="1572" status="PASS">
          <reporter-output>
          </reporter-output>
        </test-method> <!-- launchDriver -->
        <test-method signature="Test2()[pri:0, instance:demoProject1.TestClass1@1151e434]" started-at="2024-01-18T16:44:21 IST" name="Test2" finished-at="2024-01-18T16:44:29 IST" duration-ms="8280" status="PASS">
          <reporter-output>
          </reporter-output>
        </test-method> <!-- Test2 -->
        <test-method is-config="true" signature="quit()[pri:0, instance:demoProject1.TestClass1@1151e434]" started-at="2024-01-18T16:44:29 IST" name="quit" finished-at="2024-01-18T16:44:29 IST" duration-ms="184" status="PASS">
          <reporter-output>
          </reporter-output>
        </test-method> <!-- quit -->
        <test-method is-config="true" signature="launchDriver()[pri:0, instance:demoProject1.TestClass1@1151e434]" started-at="2024-01-18T16:44:29 IST" name="launchDriver" finished-at="2024-01-18T16:44:31 IST" duration-ms="1397" status="PASS">
          <reporter-output>
          </reporter-output>
        </test-method> <!-- launchDriver -->
        <test-method signature="Test3()[pri:0, instance:demoProject1.TestClass1@1151e434]" started-at="2024-01-18T16:44:31 IST" name="Test3" finished-at="2024-01-18T16:44:33 IST" duration-ms="2461" status="PASS">
          <reporter-output>
          </reporter-output>
        </test-method> <!-- Test3 -->
        <test-method is-config="true" signature="quit()[pri:0, instance:demoProject1.TestClass1@1151e434]" started-at="2024-01-18T16:44:33 IST" name="quit" finished-at="2024-01-18T16:44:33 IST" duration-ms="232" status="PASS">
          <reporter-output>
          </reporter-output>
        </test-method> <!-- quit -->
      </class> <!-- demoProject1.TestClass1 -->
    </test> <!-- Default test -->
  </suite> <!-- Default suite -->
</testng-results>
